-------------------------------------------------------------------------------
Test set: EncryptionTest
-------------------------------------------------------------------------------
Tests run: 1, Failures: 0, Errors: 1, Skipped: 0, Time elapsed: 0.373 s <<< FAILURE! - in EncryptionTest
shouldAnswerWithTrue(EncryptionTest)  Time elapsed: 0.303 s  <<< ERROR!
java.security.spec.InvalidKeySpecException: Key length not found
	at EncryptionTest.shouldAnswerWithTrue(EncryptionTest.java:17)

